<?xml version="1.0" encoding="UTF-8" standalone="no"?><testsuite errors="1" failures="0" name="Flujos en Wikipediapp" skipped="0" tests="1" time="17.03" timestamp="2025-06-03 05:50:23"><testcase name="Omitir Onboarding y realizar busqueda"><error message="Step [selecciono el primer resultado] is defined with 1 parameters at 'stepdefinitions.WikiStepsDefinitions.seleccionoElPrimerResultado(java.lang.String)'.&#10;However, the gherkin step has 0 arguments.&#10;Step text: selecciono el primer resultado" type="io.cucumber.core.exception.CucumberException">Step [selecciono el primer resultado] is defined with 1 parameters at 'stepdefinitions.WikiStepsDefinitions.seleccionoElPrimerResultado(java.lang.String)'.
However, the gherkin step has 0 arguments.
Step text: selecciono el primer resultado</error><system-err>Step [selecciono el primer resultado] is defined with 1 parameters at 'stepdefinitions.WikiStepsDefinitions.seleccionoElPrimerResultado(java.lang.String)'.
However, the gherkin step has 0 arguments.
Step text: selecciono el primer resultado
io.cucumber.core.runner.PickleStepDefinitionMatch.arityMismatch(PickleStepDefinitionMatch.java:83)
io.cucumber.core.runner.PickleStepDefinitionMatch.runStep(PickleStepDefinitionMatch.java:42)
io.cucumber.core.runner.TestStep.executeStep(TestStep.java:85)
io.cucumber.core.runner.TestStep.run(TestStep.java:57)
io.cucumber.core.runner.PickleStepTestStep.run(PickleStepTestStep.java:51)
io.cucumber.core.runner.TestCase.run(TestCase.java:84)
io.cucumber.core.runner.Runner.runPickle(Runner.java:75)
io.cucumber.core.runtime.CucumberExecutionContext.lambda$runTestCase$5(CucumberExecutionContext.java:129)
io.cucumber.core.runtime.RethrowingThrowableCollector.executeAndThrow(RethrowingThrowableCollector.java:23)
io.cucumber.core.runtime.CucumberExecutionContext.runTestCase(CucumberExecutionContext.java:129)
io.cucumber.junit.FeatureRunner.runChild(FeatureRunner.java:144)
io.cucumber.junit.FeatureRunner.runChild(FeatureRunner.java:28)
io.cucumber.junit.FeatureRunner.run(FeatureRunner.java:137)
io.cucumber.junit.CucumberSerenityRunner.runChild(CucumberSerenityRunner.java:259)
io.cucumber.junit.CucumberSerenityRunner.runChild(CucumberSerenityRunner.java:59)
worker.org.gradle.process.internal.worker.GradleWorkerMain.run(GradleWorkerMain.java:69)
worker.org.gradle.process.internal.worker.GradleWorkerMain.main(GradleWorkerMain.java:74)
</system-err></testcase></testsuite>